2024-12-12 13:53:50 [BROADCAST]- Enviando todos los taxis a base.
2024-12-12 13:56:06 [None]- Petición para consultar clima.
2024-12-12 13:56:06 [None]- Circulación no viable en Helsinki. Temperatura: -2.67°C
2024-12-12 13:56:07 [BROADCAST]- Enviando todos los taxis a base.
2024-12-12 13:56:17 [None]- Petición para consultar clima.
2024-12-12 13:56:17 [None]- Circulación no viable en Helsinki. Temperatura: -2.67°C
2024-12-12 13:56:17 [BROADCAST]- Enviando todos los taxis a base.
2024-12-12 13:56:27 [None]- Petición para consultar clima.
2024-12-12 13:56:27 [None]- Circulación no viable en Helsinki. Temperatura: -2.67°C
2024-12-12 13:56:37 [None]- Petición para consultar clima.
2024-12-12 13:56:37 [None]- Circulación no viable en Helsinki. Temperatura: -2.67°C
2024-12-12 13:56:48 [None]- Petición para consultar clima.
2024-12-12 13:56:48 [None]- Circulación no viable en Helsinki. Temperatura: -2.67°C
2024-12-12 13:56:58 [None]- Petición para consultar clima.
2024-12-12 13:56:58 [None]- Circulación no viable en Helsinki. Temperatura: -2.67°C
2024-12-12 13:57:08 [None]- Petición para consultar clima.
2024-12-12 13:57:08 [None]- Circulación no viable en Helsinki. Temperatura: -2.67°C
2024-12-12 13:57:19 [None]- Petición para consultar clima.
2024-12-12 13:57:19 [None]- Circulación no viable en Helsinki. Temperatura: -2.67°C
2024-12-12 13:57:29 [None]- Petición para consultar clima.
2024-12-12 13:57:29 [None]- Circulación no viable en Helsinki. Temperatura: -2.67°C
2024-12-12 13:57:40 [None]- Petición para consultar clima.
2024-12-12 13:57:40 [None]- Circulación no viable en Helsinki. Temperatura: -2.67°C
2024-12-12 13:57:50 [None]- Petición para consultar clima.
2024-12-12 13:57:50 [None]- Circulación no viable en Helsinki. Temperatura: -2.67°C
2024-12-12 13:58:00 [None]- Petición para consultar clima.
2024-12-12 13:58:00 [None]- Circulación no viable en Helsinki. Temperatura: -2.67°C
2024-12-12 13:58:11 [None]- Petición para consultar clima.
2024-12-12 13:58:11 [None]- Circulación no viable en Helsinki. Temperatura: -2.67°C
2024-12-12 13:58:14 [CENTRAL]- Petición para consultar clima.
2024-12-12 13:58:14 [CENTRAL]- Circulación no viable en Helsinki. Temperatura: -2.67°C
2024-12-12 13:58:15 [BROADCAST]- Enviando todos los taxis a base.
2024-12-12 13:58:24 [CENTRAL]- Petición para consultar clima.
2024-12-12 13:58:24 [CENTRAL]- Circulación no viable en Helsinki. Temperatura: -2.67°C
2024-12-12 13:58:34 [CENTRAL]- Petición para consultar clima.
2024-12-12 13:58:34 [CENTRAL]- Circulación no viable en Helsinki. Temperatura: -2.67°C
2024-12-12 13:58:45 [CENTRAL]- Petición para consultar clima.
2024-12-12 13:58:45 [CENTRAL]- Circulación viable en Alicante. Temperatura: 15.59°C
2024-12-12 13:58:55 [CENTRAL]- Petición para consultar clima.
2024-12-12 13:58:55 [CENTRAL]- Circulación viable en Alicante. Temperatura: 15.59°C
2024-12-12 13:59:05 [CENTRAL]- Petición para consultar clima.
2024-12-12 13:59:05 [CENTRAL]- Circulación viable en Alicante. Temperatura: 15.59°C
2024-12-12 13:59:11 [BROADCAST]- Cancelando envío a base.
2024-12-12 13:59:16 [CENTRAL]- Petición para consultar clima.
2024-12-12 13:59:16 [CENTRAL]- Circulación viable en Alicante. Temperatura: 15.59°C
2024-12-12 13:59:26 [CENTRAL]- Petición para consultar clima.
2024-12-12 13:59:26 [CENTRAL]- Circulación viable en Alicante. Temperatura: 15.59°C
2024-12-12 13:59:36 [CENTRAL]- Petición para consultar clima.
2024-12-12 13:59:36 [CENTRAL]- Circulación viable en Alicante. Temperatura: 15.59°C
2024-12-12 13:59:47 [CENTRAL]- Petición para consultar clima.
2024-12-12 13:59:47 [CENTRAL]- Circulación viable en Alicante. Temperatura: 15.59°C
2024-12-12 13:59:56 [CENTRAL]- Petición para consultar clima.
2024-12-12 13:59:56 [CENTRAL]- Circulación viable en Alicante. Temperatura: 15.59°C
2024-12-12 14:00:07 [CENTRAL]- Petición para consultar clima.
2024-12-12 14:00:07 [CENTRAL]- Circulación viable en Alicante. Temperatura: 15.59°C
2024-12-12 14:00:17 [CENTRAL]- Petición para consultar clima.
2024-12-12 14:00:17 [CENTRAL]- Circulación viable en Alicante. Temperatura: 15.59°C
2024-12-12 14:00:23 [CENTRAL]- Petición para consultar clima.
2024-12-12 14:00:23 [CENTRAL]- Circulación viable en Alicante. Temperatura: 15.59°C
2024-12-12 14:00:33 [CENTRAL]- Petición para consultar clima.
2024-12-12 14:00:33 [CENTRAL]- Circulación viable en Alicante. Temperatura: 15.59°C
2024-12-12 14:00:44 [CENTRAL]- Petición para consultar clima.
2024-12-12 14:00:44 [CENTRAL]- Circulación viable en Alicante. Temperatura: 15.59°C
2024-12-12 14:00:54 [CENTRAL]- Petición para consultar clima.
2024-12-12 14:00:54 [CENTRAL]- Circulación viable en Alicante. Temperatura: 15.59°C
2024-12-12 14:01:04 [CENTRAL]- Petición para consultar clima.
2024-12-12 14:01:04 [CENTRAL]- Circulación viable en Alicante. Temperatura: 15.59°C
2024-12-12 14:01:15 [CENTRAL]- Petición para consultar clima.
2024-12-12 14:01:15 [CENTRAL]- Circulación viable en Alicante. Temperatura: 15.59°C
2024-12-12 14:01:25 [CENTRAL]- Petición para consultar clima.
2024-12-12 14:01:25 [CENTRAL]- Circulación viable en Alicante. Temperatura: 15.59°C
2024-12-12 14:01:35 [CENTRAL]- Petición para consultar clima.
2024-12-12 14:01:35 [CENTRAL]- Circulación viable en Alicante. Temperatura: 15.59°C
2024-12-12 14:01:46 [CENTRAL]- Petición para consultar clima.
2024-12-12 14:01:46 [CENTRAL]- Circulación viable en Alicante. Temperatura: 15.59°C
2024-12-12 14:01:56 [CENTRAL]- Petición para consultar clima.
2024-12-12 14:01:56 [CENTRAL]- Circulación viable en Alicante. Temperatura: 15.59°C
2024-12-12 14:02:00 [CENTRAL]- Petición para consultar clima.
2024-12-12 14:02:00 [CENTRAL]- Circulación viable en Alicante. Temperatura: 15.59°C
2024-12-12 14:02:11 [CENTRAL]- Petición para consultar clima.
2024-12-12 14:02:11 [CENTRAL]- Circulación viable en Alicante. Temperatura: 15.59°C
2024-12-12 14:02:14 [BROADCAST]- Enviando todos los taxis a base.
2024-12-12 14:02:19 [BROADCAST]- Cancelando envío a base.
2024-12-12 14:02:21 [CENTRAL]- Petición para consultar clima.
2024-12-12 14:02:21 [CENTRAL]- Circulación viable en Alicante. Temperatura: 15.59°C
2024-12-12 14:02:31 [CENTRAL]- Petición para consultar clima.
2024-12-12 14:02:31 [CENTRAL]- Circulación viable en Alicante. Temperatura: 15.59°C
2024-12-12 14:02:42 [CENTRAL]- Petición para consultar clima.
2024-12-12 14:02:42 [CENTRAL]- Circulación viable en Alicante. Temperatura: 15.59°C
2024-12-12 14:02:52 [CENTRAL]- Petición para consultar clima.
2024-12-12 14:02:52 [CENTRAL]- Circulación viable en Alicante. Temperatura: 15.59°C
2024-12-12 14:03:02 [CENTRAL]- Petición para consultar clima.
2024-12-12 14:03:02 [CENTRAL]- Circulación viable en Alicante. Temperatura: 15.59°C
2024-12-12 14:03:13 [CENTRAL]- Petición para consultar clima.
2024-12-12 14:03:13 [CENTRAL]- Circulación viable en Alicante. Temperatura: 15.59°C
2024-12-12 14:03:23 [CENTRAL]- Petición para consultar clima.
2024-12-12 14:03:23 [CENTRAL]- Circulación viable en Alicante. Temperatura: 15.59°C
2024-12-12 14:03:33 [CENTRAL]- Petición para consultar clima.
2024-12-12 14:03:33 [CENTRAL]- Circulación viable en Alicante. Temperatura: 15.59°C
2024-12-12 14:03:43 [CENTRAL]- Petición para consultar clima.
2024-12-12 14:03:43 [CENTRAL]- Circulación viable en Alicante. Temperatura: 15.59°C
2024-12-12 14:03:54 [CENTRAL]- Petición para consultar clima.
2024-12-12 14:03:54 [CENTRAL]- Circulación viable en Alicante. Temperatura: 15.59°C
2024-12-12 14:04:04 [CENTRAL]- Petición para consultar clima.
2024-12-12 14:04:04 [CENTRAL]- Circulación viable en Alicante. Temperatura: 15.59°C
2024-12-12 14:04:15 [CENTRAL]- Petición para consultar clima.
2024-12-12 14:04:15 [CENTRAL]- Circulación viable en Alicante. Temperatura: 15.59°C
2024-12-12 14:04:25 [CENTRAL]- Petición para consultar clima.
2024-12-12 14:04:25 [CENTRAL]- Circulación viable en Alicante. Temperatura: 15.59°C
2024-12-12 14:04:35 [CENTRAL]- Petición para consultar clima.
2024-12-12 14:04:35 [CENTRAL]- Circulación viable en Alicante. Temperatura: 15.59°C
2024-12-12 14:04:46 [CENTRAL]- Petición para consultar clima.
2024-12-12 14:04:46 [CENTRAL]- Circulación viable en Alicante. Temperatura: 15.59°C
2024-12-12 14:04:56 [CENTRAL]- Petición para consultar clima.
2024-12-12 14:04:56 [CENTRAL]- Circulación viable en Alicante. Temperatura: 15.59°C
2024-12-12 14:05:06 [CENTRAL]- Petición para consultar clima.
2024-12-12 14:05:06 [CENTRAL]- Circulación viable en Alicante. Temperatura: 15.63°C
2024-12-12 14:05:17 [CENTRAL]- Petición para consultar clima.
2024-12-12 14:05:17 [CENTRAL]- Circulación viable en Alicante. Temperatura: 15.63°C
2024-12-12 14:05:27 [CENTRAL]- Petición para consultar clima.
2024-12-12 14:05:27 [CENTRAL]- Circulación viable en Alicante. Temperatura: 15.59°C
2024-12-12 14:05:37 [CENTRAL]- Petición para consultar clima.
2024-12-12 14:05:37 [CENTRAL]- Circulación viable en Alicante. Temperatura: 15.63°C
2024-12-12 14:05:48 [CENTRAL]- Petición para consultar clima.
2024-12-12 14:05:48 [CENTRAL]- Circulación viable en Alicante. Temperatura: 15.59°C
2024-12-12 14:05:58 [CENTRAL]- Petición para consultar clima.
2024-12-12 14:05:58 [CENTRAL]- Circulación viable en Alicante. Temperatura: 15.59°C
2024-12-12 14:06:09 [CENTRAL]- Petición para consultar clima.
2024-12-12 14:06:09 [CENTRAL]- Circulación viable en Alicante. Temperatura: 15.63°C
2024-12-12 14:06:19 [CENTRAL]- Petición para consultar clima.
2024-12-12 14:06:19 [CENTRAL]- Circulación viable en Alicante. Temperatura: 15.63°C
2024-12-12 14:06:29 [CENTRAL]- Petición para consultar clima.
2024-12-12 14:06:29 [CENTRAL]- Circulación viable en Alicante. Temperatura: 15.59°C
2024-12-12 14:06:40 [CENTRAL]- Petición para consultar clima.
2024-12-12 14:06:40 [CENTRAL]- Circulación viable en Alicante. Temperatura: 15.63°C
2024-12-12 14:06:50 [CENTRAL]- Petición para consultar clima.
2024-12-12 14:06:50 [CENTRAL]- Circulación viable en Alicante. Temperatura: 15.63°C
2024-12-12 14:07:00 [CENTRAL]- Petición para consultar clima.
2024-12-12 14:07:00 [CENTRAL]- Circulación viable en Alicante. Temperatura: 15.59°C
2024-12-12 14:07:10 [CENTRAL]- Petición para consultar clima.
2024-12-12 14:07:10 [CENTRAL]- Circulación viable en Alicante. Temperatura: 15.59°C
2024-12-12 14:07:21 [CENTRAL]- Petición para consultar clima.
2024-12-12 14:07:21 [CENTRAL]- Circulación viable en Alicante. Temperatura: 15.63°C
2024-12-12 14:07:31 [CENTRAL]- Petición para consultar clima.
2024-12-12 14:07:31 [CENTRAL]- Circulación viable en Alicante. Temperatura: 15.63°C
2024-12-12 14:07:41 [CENTRAL]- Petición para consultar clima.
2024-12-12 14:07:41 [CENTRAL]- Circulación viable en Alicante. Temperatura: 15.63°C
2024-12-12 14:07:52 [CENTRAL]- Petición para consultar clima.
2024-12-12 14:07:52 [CENTRAL]- Circulación viable en Alicante. Temperatura: 15.59°C
2024-12-12 14:08:02 [CENTRAL]- Petición para consultar clima.
2024-12-12 14:08:02 [CENTRAL]- Circulación viable en Alicante. Temperatura: 15.63°C
2024-12-12 14:08:12 [CENTRAL]- Petición para consultar clima.
2024-12-12 14:08:12 [CENTRAL]- Circulación viable en Alicante. Temperatura: 15.59°C
2024-12-12 14:08:23 [CENTRAL]- Petición para consultar clima.
2024-12-12 14:08:23 [CENTRAL]- Circulación viable en Alicante. Temperatura: 15.59°C
2024-12-12 14:08:33 [CENTRAL]- Petición para consultar clima.
2024-12-12 14:08:33 [CENTRAL]- Circulación viable en Alicante. Temperatura: 15.59°C
2024-12-12 14:08:44 [CENTRAL]- Petición para consultar clima.
2024-12-12 14:08:44 [CENTRAL]- Circulación viable en Alicante. Temperatura: 15.59°C
2024-12-12 14:08:54 [CENTRAL]- Petición para consultar clima.
2024-12-12 14:08:54 [CENTRAL]- Circulación viable en Alicante. Temperatura: 15.63°C
2024-12-12 14:09:04 [CENTRAL]- Petición para consultar clima.
2024-12-12 14:09:04 [CENTRAL]- Circulación viable en Alicante. Temperatura: 15.63°C
2024-12-12 14:09:14 [CENTRAL]- Petición para consultar clima.
2024-12-12 14:09:14 [CENTRAL]- Circulación viable en Alicante. Temperatura: 15.63°C
2024-12-12 16:49:25 [CENTRAL]- Petición para consultar clima.
2024-12-12 16:49:25 [CENTRAL]- Error al consultar el clima
2024-12-12 16:49:35 [CENTRAL]- Petición para consultar clima.
2024-12-12 16:49:35 [CENTRAL]- Circulación viable en Alicante. Temperatura: 14.76°C
2024-12-12 16:49:45 [CENTRAL]- Petición para consultar clima.
2024-12-12 16:49:45 [CENTRAL]- Circulación viable en Alicante. Temperatura: 14.87°C
2024-12-12 16:49:55 [CENTRAL]- Petición para consultar clima.
2024-12-12 16:49:55 [CENTRAL]- Circulación viable en Alicante. Temperatura: 14.87°C
2024-12-12 16:50:06 [CENTRAL]- Petición para consultar clima.
2024-12-12 16:50:06 [CENTRAL]- Circulación viable en Alicante. Temperatura: 14.87°C
2024-12-12 16:50:16 [CENTRAL]- Petición para consultar clima.
2024-12-12 16:50:16 [CENTRAL]- Circulación viable en Alicante. Temperatura: 14.87°C
2024-12-12 16:50:26 [CENTRAL]- Petición para consultar clima.
2024-12-12 16:50:26 [CENTRAL]- Circulación viable en Alicante. Temperatura: 14.76°C
2024-12-12 16:50:37 [CENTRAL]- Petición para consultar clima.
2024-12-12 16:50:37 [CENTRAL]- Circulación viable en Alicante. Temperatura: 14.87°C
2024-12-12 16:50:47 [CENTRAL]- Petición para consultar clima.
2024-12-12 16:50:47 [CENTRAL]- Circulación viable en Alicante. Temperatura: 14.87°C
2024-12-12 16:50:57 [CENTRAL]- Petición para consultar clima.
2024-12-12 16:50:57 [CENTRAL]- Circulación viable en Alicante. Temperatura: 14.87°C
2024-12-12 16:51:07 [CENTRAL]- Petición para consultar clima.
2024-12-12 16:51:07 [CENTRAL]- Circulación viable en Alicante. Temperatura: 14.76°C
2024-12-12 16:51:17 [CENTRAL]- Petición para consultar clima.
2024-12-12 16:51:17 [CENTRAL]- Circulación viable en Alicante. Temperatura: 14.76°C
2024-12-12 16:51:28 [CENTRAL]- Petición para consultar clima.
2024-12-12 16:51:28 [CENTRAL]- Circulación viable en Alicante. Temperatura: 14.87°C
2024-12-12 16:51:38 [CENTRAL]- Petición para consultar clima.
2024-12-12 16:51:38 [CENTRAL]- Circulación viable en Alicante. Temperatura: 14.87°C
2024-12-12 16:51:48 [CENTRAL]- Petición para consultar clima.
2024-12-12 16:51:48 [CENTRAL]- Circulación viable en Alicante. Temperatura: 14.87°C
2024-12-12 16:51:58 [CENTRAL]- Petición para consultar clima.
2024-12-12 16:51:58 [CENTRAL]- Circulación viable en Alicante. Temperatura: 14.76°C
2024-12-12 16:52:08 [CENTRAL]- Petición para consultar clima.
2024-12-12 16:52:08 [CENTRAL]- Circulación viable en Alicante. Temperatura: 14.87°C
2024-12-12 16:52:18 [CENTRAL]- Petición para consultar clima.
2024-12-12 16:52:18 [CENTRAL]- Circulación viable en Alicante. Temperatura: 14.76°C
2024-12-12 16:52:29 [CENTRAL]- Petición para consultar clima.
2024-12-12 16:52:29 [CENTRAL]- Circulación viable en Alicante. Temperatura: 14.87°C
2024-12-12 16:52:39 [CENTRAL]- Petición para consultar clima.
2024-12-12 16:52:39 [CENTRAL]- Circulación viable en Alicante. Temperatura: 14.76°C
2024-12-12 16:52:49 [CENTRAL]- Petición para consultar clima.
2024-12-12 16:52:49 [CENTRAL]- Circulación viable en Alicante. Temperatura: 14.87°C
2024-12-12 16:52:59 [CENTRAL]- Petición para consultar clima.
2024-12-12 16:52:59 [CENTRAL]- Circulación viable en Alicante. Temperatura: 14.76°C
2024-12-12 16:53:10 [CENTRAL]- Petición para consultar clima.
2024-12-12 16:53:10 [CENTRAL]- Circulación viable en Alicante. Temperatura: 14.87°C
2024-12-12 16:53:20 [CENTRAL]- Petición para consultar clima.
2024-12-12 16:53:20 [CENTRAL]- Circulación viable en Alicante. Temperatura: 14.87°C
2024-12-12 16:53:30 [CENTRAL]- Petición para consultar clima.
2024-12-12 16:53:30 [CENTRAL]- Circulación viable en Alicante. Temperatura: 14.87°C
2024-12-12 16:53:41 [CENTRAL]- Petición para consultar clima.
2024-12-12 16:53:41 [CENTRAL]- Circulación viable en Alicante. Temperatura: 14.87°C
2024-12-12 16:53:51 [CENTRAL]- Petición para consultar clima.
2024-12-12 16:53:51 [CENTRAL]- Circulación viable en Alicante. Temperatura: 14.76°C
2024-12-12 16:54:01 [CENTRAL]- Petición para consultar clima.
2024-12-12 16:54:01 [CENTRAL]- Circulación viable en Alicante. Temperatura: 14.76°C
2024-12-12 16:54:12 [CENTRAL]- Petición para consultar clima.
2024-12-12 16:54:12 [CENTRAL]- Circulación viable en Alicante. Temperatura: 14.76°C
2024-12-12 16:54:22 [CENTRAL]- Petición para consultar clima.
2024-12-12 16:54:22 [CENTRAL]- Circulación viable en Alicante. Temperatura: 14.76°C
2024-12-12 16:54:32 [CENTRAL]- Petición para consultar clima.
2024-12-12 16:54:32 [CENTRAL]- Circulación viable en Alicante. Temperatura: 14.76°C
2024-12-12 16:54:43 [CENTRAL]- Petición para consultar clima.
2024-12-12 16:54:43 [CENTRAL]- Circulación viable en Alicante. Temperatura: 14.76°C
2024-12-12 16:54:53 [CENTRAL]- Petición para consultar clima.
2024-12-12 16:54:53 [CENTRAL]- Circulación viable en Alicante. Temperatura: 14.76°C
2024-12-12 16:55:03 [CENTRAL]- Petición para consultar clima.
2024-12-12 16:55:03 [CENTRAL]- Circulación viable en Alicante. Temperatura: 14.76°C
2024-12-12 16:55:14 [CENTRAL]- Petición para consultar clima.
2024-12-12 16:55:14 [CENTRAL]- Circulación viable en Alicante. Temperatura: 14.76°C
2024-12-12 16:55:24 [CENTRAL]- Petición para consultar clima.
2024-12-12 16:55:24 [CENTRAL]- Circulación viable en Alicante. Temperatura: 14.76°C
2024-12-12 16:55:34 [CENTRAL]- Petición para consultar clima.
2024-12-12 16:55:34 [CENTRAL]- Circulación viable en Alicante. Temperatura: 14.76°C
2024-12-12 16:55:45 [CENTRAL]- Petición para consultar clima.
2024-12-12 16:55:45 [CENTRAL]- Circulación viable en Alicante. Temperatura: 14.76°C
2024-12-12 16:55:55 [CENTRAL]- Petición para consultar clima.
2024-12-12 16:55:55 [CENTRAL]- Circulación viable en Alicante. Temperatura: 14.76°C
2024-12-12 16:56:05 [CENTRAL]- Petición para consultar clima.
2024-12-12 16:56:05 [CENTRAL]- Circulación viable en Alicante. Temperatura: 14.76°C
2024-12-12 16:56:16 [CENTRAL]- Petición para consultar clima.
2024-12-12 16:56:16 [CENTRAL]- Circulación viable en Alicante. Temperatura: 14.76°C
2024-12-12 16:56:26 [CENTRAL]- Petición para consultar clima.
2024-12-12 16:56:26 [CENTRAL]- Circulación viable en Alicante. Temperatura: 14.76°C
2024-12-12 16:56:36 [CENTRAL]- Petición para consultar clima.
2024-12-12 16:56:36 [CENTRAL]- Circulación viable en Alicante. Temperatura: 14.76°C
2024-12-12 16:56:47 [CENTRAL]- Petición para consultar clima.
2024-12-12 16:56:47 [CENTRAL]- Circulación viable en Alicante. Temperatura: 14.76°C
2024-12-12 16:56:57 [CENTRAL]- Petición para consultar clima.
2024-12-12 16:56:57 [CENTRAL]- Circulación viable en Alicante. Temperatura: 14.76°C
2024-12-12 16:57:07 [CENTRAL]- Petición para consultar clima.
2024-12-12 16:57:07 [CENTRAL]- Circulación viable en Alicante. Temperatura: 14.76°C
2024-12-12 16:57:17 [CENTRAL]- Petición para consultar clima.
2024-12-12 16:57:17 [CENTRAL]- Circulación viable en Alicante. Temperatura: 14.76°C
2024-12-12 16:57:28 [CENTRAL]- Petición para consultar clima.
2024-12-12 16:57:28 [CENTRAL]- Circulación viable en Alicante. Temperatura: 14.76°C
2024-12-12 16:57:38 [CENTRAL]- Petición para consultar clima.
2024-12-12 16:57:38 [CENTRAL]- Circulación viable en Alicante. Temperatura: 14.76°C
2024-12-12 16:57:48 [CENTRAL]- Petición para consultar clima.
2024-12-12 16:57:48 [CENTRAL]- Circulación viable en Alicante. Temperatura: 14.76°C
2024-12-12 16:57:59 [CENTRAL]- Petición para consultar clima.
2024-12-12 16:57:59 [CENTRAL]- Circulación viable en Alicante. Temperatura: 14.76°C
2024-12-12 16:58:09 [CENTRAL]- Petición para consultar clima.
2024-12-12 16:58:09 [CENTRAL]- Circulación viable en Alicante. Temperatura: 14.76°C
2024-12-12 16:58:19 [CENTRAL]- Petición para consultar clima.
2024-12-12 16:58:19 [CENTRAL]- Circulación viable en Alicante. Temperatura: 14.76°C
2024-12-12 16:58:30 [CENTRAL]- Petición para consultar clima.
2024-12-12 16:58:30 [CENTRAL]- Circulación viable en Alicante. Temperatura: 14.76°C
2024-12-12 16:58:40 [CENTRAL]- Petición para consultar clima.
2024-12-12 16:58:40 [CENTRAL]- Circulación viable en Alicante. Temperatura: 14.76°C
2024-12-12 16:58:50 [CENTRAL]- Petición para consultar clima.
2024-12-12 16:58:50 [CENTRAL]- Circulación viable en Alicante. Temperatura: 14.76°C
2024-12-12 16:59:00 [CENTRAL]- Petición para consultar clima.
2024-12-12 16:59:00 [CENTRAL]- Circulación viable en Alicante. Temperatura: 14.76°C
2024-12-12 16:59:10 [CENTRAL]- Petición para consultar clima.
2024-12-12 16:59:10 [CENTRAL]- Circulación viable en Alicante. Temperatura: 14.76°C
2024-12-12 16:59:21 [CENTRAL]- Petición para consultar clima.
2024-12-12 16:59:21 [CENTRAL]- Circulación viable en Alicante. Temperatura: 14.76°C
2024-12-12 16:59:31 [CENTRAL]- Petición para consultar clima.
2024-12-12 16:59:31 [CENTRAL]- Circulación viable en Alicante. Temperatura: 14.76°C
2024-12-12 16:59:42 [CENTRAL]- Petición para consultar clima.
2024-12-12 16:59:42 [CENTRAL]- Circulación viable en Alicante. Temperatura: 14.76°C
2024-12-12 16:59:52 [CENTRAL]- Petición para consultar clima.
2024-12-12 16:59:52 [CENTRAL]- Circulación viable en Alicante. Temperatura: 14.87°C
2024-12-12 17:00:02 [CENTRAL]- Petición para consultar clima.
2024-12-12 17:00:02 [CENTRAL]- Circulación viable en Alicante. Temperatura: 14.76°C
2024-12-12 17:00:13 [CENTRAL]- Petición para consultar clima.
2024-12-12 17:00:13 [CENTRAL]- Circulación viable en Alicante. Temperatura: 14.87°C
2024-12-12 17:00:23 [CENTRAL]- Petición para consultar clima.
2024-12-12 17:00:23 [CENTRAL]- Circulación viable en Alicante. Temperatura: 14.87°C
2024-12-12 17:00:33 [CENTRAL]- Petición para consultar clima.
2024-12-12 17:00:33 [CENTRAL]- Circulación viable en Alicante. Temperatura: 14.87°C
2024-12-12 17:00:44 [CENTRAL]- Petición para consultar clima.
2024-12-12 17:00:44 [CENTRAL]- Circulación viable en Alicante. Temperatura: 14.87°C
2024-12-12 17:00:54 [CENTRAL]- Petición para consultar clima.
2024-12-12 17:00:54 [CENTRAL]- Circulación viable en Alicante. Temperatura: 14.87°C
2024-12-12 17:01:04 [CENTRAL]- Petición para consultar clima.
2024-12-12 17:01:04 [CENTRAL]- Circulación viable en Alicante. Temperatura: 14.87°C
2024-12-12 17:01:15 [CENTRAL]- Petición para consultar clima.
2024-12-12 17:01:15 [CENTRAL]- Circulación viable en Alicante. Temperatura: 14.87°C
2024-12-12 17:01:25 [CENTRAL]- Petición para consultar clima.
2024-12-12 17:01:25 [CENTRAL]- Circulación viable en Alicante. Temperatura: 14.87°C
2024-12-12 17:01:35 [CENTRAL]- Petición para consultar clima.
2024-12-12 17:01:35 [CENTRAL]- Circulación viable en Alicante. Temperatura: 14.87°C
2024-12-12 17:01:45 [CENTRAL]- Petición para consultar clima.
2024-12-12 17:01:45 [CENTRAL]- Circulación viable en Alicante. Temperatura: 14.87°C
2024-12-12 17:01:56 [CENTRAL]- Petición para consultar clima.
2024-12-12 17:01:56 [CENTRAL]- Circulación viable en Alicante. Temperatura: 14.87°C
2024-12-12 17:02:06 [CENTRAL]- Petición para consultar clima.
2024-12-12 17:02:06 [CENTRAL]- Circulación viable en Alicante. Temperatura: 14.87°C
2024-12-12 17:02:16 [CENTRAL]- Petición para consultar clima.
2024-12-12 17:02:16 [CENTRAL]- Circulación viable en Alicante. Temperatura: 14.87°C
2024-12-12 17:02:27 [CENTRAL]- Petición para consultar clima.
2024-12-12 17:02:27 [CENTRAL]- Circulación viable en Alicante. Temperatura: 14.87°C
2024-12-12 17:02:37 [CENTRAL]- Petición para consultar clima.
2024-12-12 17:02:37 [CENTRAL]- Circulación viable en Alicante. Temperatura: 14.87°C
2024-12-12 17:02:47 [CENTRAL]- Petición para consultar clima.
2024-12-12 17:02:47 [CENTRAL]- Circulación viable en Alicante. Temperatura: 14.87°C
2024-12-12 17:02:57 [CENTRAL]- Petición para consultar clima.
2024-12-12 17:02:57 [CENTRAL]- Circulación viable en Alicante. Temperatura: 14.87°C
2024-12-12 17:03:07 [CENTRAL]- Petición para consultar clima.
2024-12-12 17:03:07 [CENTRAL]- Circulación viable en Alicante. Temperatura: 14.87°C
2024-12-12 17:03:18 [CENTRAL]- Petición para consultar clima.
2024-12-12 17:03:18 [CENTRAL]- Circulación viable en Alicante. Temperatura: 14.87°C
2024-12-12 17:03:28 [CENTRAL]- Petición para consultar clima.
2024-12-12 17:03:28 [CENTRAL]- Circulación viable en Alicante. Temperatura: 14.87°C
2024-12-12 17:03:38 [CENTRAL]- Petición para consultar clima.
2024-12-12 17:03:38 [CENTRAL]- Circulación viable en Alicante. Temperatura: 14.87°C
2024-12-12 17:03:49 [CENTRAL]- Petición para consultar clima.
2024-12-12 17:03:49 [CENTRAL]- Circulación viable en Alicante. Temperatura: 14.87°C
2024-12-12 17:03:59 [CENTRAL]- Petición para consultar clima.
2024-12-12 17:03:59 [CENTRAL]- Circulación viable en Alicante. Temperatura: 14.87°C
2024-12-12 17:04:09 [CENTRAL]- Petición para consultar clima.
2024-12-12 17:04:09 [CENTRAL]- Circulación viable en Alicante. Temperatura: 14.87°C
2024-12-12 17:04:19 [CENTRAL]- Petición para consultar clima.
2024-12-12 17:04:19 [CENTRAL]- Circulación viable en Alicante. Temperatura: 14.87°C
2024-12-12 17:04:29 [CENTRAL]- Petición para consultar clima.
2024-12-12 17:04:29 [CENTRAL]- Circulación viable en Alicante. Temperatura: 14.87°C
2024-12-12 17:04:40 [CENTRAL]- Petición para consultar clima.
2024-12-12 17:04:40 [CENTRAL]- Circulación viable en Alicante. Temperatura: 14.87°C
2024-12-12 17:04:50 [CENTRAL]- Petición para consultar clima.
2024-12-12 17:04:50 [CENTRAL]- Circulación viable en Alicante. Temperatura: 14.87°C
2024-12-12 17:05:00 [CENTRAL]- Petición para consultar clima.
2024-12-12 17:05:01 [CENTRAL]- Circulación viable en Alicante. Temperatura: 14.87°C
2024-12-12 17:05:11 [CENTRAL]- Petición para consultar clima.
2024-12-12 17:05:11 [CENTRAL]- Circulación viable en Alicante. Temperatura: 14.87°C
2024-12-12 17:05:21 [CENTRAL]- Petición para consultar clima.
2024-12-12 17:05:21 [CENTRAL]- Circulación viable en Alicante. Temperatura: 14.87°C
2024-12-12 17:05:31 [CENTRAL]- Petición para consultar clima.
2024-12-12 17:05:31 [CENTRAL]- Circulación viable en Alicante. Temperatura: 14.87°C
2024-12-12 17:05:41 [CENTRAL]- Petición para consultar clima.
2024-12-12 17:05:41 [CENTRAL]- Circulación viable en Alicante. Temperatura: 14.87°C
2024-12-12 17:05:52 [CENTRAL]- Petición para consultar clima.
2024-12-12 17:05:52 [CENTRAL]- Circulación viable en Alicante. Temperatura: 14.87°C
2024-12-12 17:06:02 [CENTRAL]- Petición para consultar clima.
2024-12-12 17:06:02 [CENTRAL]- Circulación viable en Alicante. Temperatura: 14.87°C
2024-12-12 17:06:12 [CENTRAL]- Petición para consultar clima.
2024-12-12 17:06:12 [CENTRAL]- Circulación viable en Alicante. Temperatura: 14.87°C
2024-12-12 17:06:22 [CENTRAL]- Petición para consultar clima.
2024-12-12 17:06:22 [CENTRAL]- Circulación viable en Alicante. Temperatura: 14.87°C
2024-12-12 17:06:32 [CENTRAL]- Petición para consultar clima.
2024-12-12 17:06:32 [CENTRAL]- Circulación viable en Alicante. Temperatura: 14.87°C
2024-12-12 17:06:43 [CENTRAL]- Petición para consultar clima.
2024-12-12 17:06:43 [CENTRAL]- Circulación viable en Alicante. Temperatura: 14.87°C
2024-12-12 17:06:53 [CENTRAL]- Petición para consultar clima.
2024-12-12 17:06:53 [CENTRAL]- Circulación viable en Alicante. Temperatura: 14.87°C
2024-12-12 17:07:03 [CENTRAL]- Petición para consultar clima.
2024-12-12 17:07:03 [CENTRAL]- Circulación viable en Alicante. Temperatura: 14.87°C
2024-12-12 17:07:13 [CENTRAL]- Petición para consultar clima.
2024-12-12 17:07:13 [CENTRAL]- Circulación viable en Alicante. Temperatura: 14.87°C
2024-12-12 17:07:24 [CENTRAL]- Petición para consultar clima.
2024-12-12 17:07:24 [CENTRAL]- Circulación viable en Alicante. Temperatura: 14.87°C
2024-12-12 17:07:34 [CENTRAL]- Petición para consultar clima.
2024-12-12 17:07:34 [CENTRAL]- Circulación viable en Alicante. Temperatura: 14.87°C
2024-12-12 17:07:44 [CENTRAL]- Petición para consultar clima.
2024-12-12 17:07:44 [CENTRAL]- Circulación viable en Alicante. Temperatura: 14.87°C
2024-12-12 17:07:55 [CENTRAL]- Petición para consultar clima.
2024-12-12 17:07:55 [CENTRAL]- Circulación viable en Alicante. Temperatura: 14.87°C
2024-12-12 17:08:05 [CENTRAL]- Petición para consultar clima.
2024-12-12 17:08:05 [CENTRAL]- Circulación viable en Alicante. Temperatura: 14.87°C
2024-12-12 17:08:16 [CENTRAL]- Petición para consultar clima.
2024-12-12 17:08:16 [CENTRAL]- Circulación viable en Alicante. Temperatura: 14.87°C
2024-12-12 17:08:26 [CENTRAL]- Petición para consultar clima.
2024-12-12 17:08:26 [CENTRAL]- Circulación viable en Alicante. Temperatura: 14.87°C
2024-12-12 17:08:36 [CENTRAL]- Petición para consultar clima.
2024-12-12 17:08:36 [CENTRAL]- Circulación viable en Alicante. Temperatura: 14.87°C
2024-12-12 17:08:47 [CENTRAL]- Petición para consultar clima.
2024-12-12 17:08:47 [CENTRAL]- Circulación viable en Alicante. Temperatura: 14.87°C
2024-12-12 17:08:57 [CENTRAL]- Petición para consultar clima.
2024-12-12 17:08:57 [CENTRAL]- Circulación viable en Alicante. Temperatura: 14.87°C
2024-12-12 17:09:07 [CENTRAL]- Petición para consultar clima.
2024-12-12 17:09:07 [CENTRAL]- Circulación viable en Alicante. Temperatura: 14.87°C
2024-12-12 17:09:18 [CENTRAL]- Petición para consultar clima.
2024-12-12 17:09:18 [CENTRAL]- Circulación viable en Alicante. Temperatura: 14.87°C
2024-12-12 17:09:28 [CENTRAL]- Petición para consultar clima.
2024-12-12 17:09:28 [CENTRAL]- Circulación viable en Alicante. Temperatura: 14.87°C
2024-12-12 17:09:38 [CENTRAL]- Petición para consultar clima.
2024-12-12 17:09:38 [CENTRAL]- Circulación viable en Alicante. Temperatura: 14.87°C
2024-12-12 17:09:49 [CENTRAL]- Petición para consultar clima.
2024-12-12 17:09:49 [CENTRAL]- Circulación viable en Alicante. Temperatura: 14.87°C
2024-12-12 17:09:59 [CENTRAL]- Petición para consultar clima.
2024-12-12 17:09:59 [CENTRAL]- Circulación viable en Alicante. Temperatura: 14.87°C
2024-12-12 17:10:09 [CENTRAL]- Petición para consultar clima.
2024-12-12 17:10:09 [CENTRAL]- Circulación viable en Alicante. Temperatura: 14.87°C
2024-12-12 17:10:20 [CENTRAL]- Petición para consultar clima.
2024-12-12 17:10:20 [CENTRAL]- Circulación viable en Alicante. Temperatura: 14.67°C
2024-12-12 17:10:30 [CENTRAL]- Petición para consultar clima.
2024-12-12 17:10:30 [CENTRAL]- Circulación viable en Alicante. Temperatura: 14.67°C
2024-12-12 17:10:40 [CENTRAL]- Petición para consultar clima.
2024-12-12 17:10:40 [CENTRAL]- Circulación viable en Alicante. Temperatura: 14.87°C
2024-12-12 17:10:51 [CENTRAL]- Petición para consultar clima.
2024-12-12 17:10:51 [CENTRAL]- Circulación viable en Alicante. Temperatura: 14.67°C
2024-12-12 17:11:01 [CENTRAL]- Petición para consultar clima.
2024-12-12 17:11:01 [CENTRAL]- Circulación viable en Alicante. Temperatura: 14.67°C
2024-12-12 17:11:11 [CENTRAL]- Petición para consultar clima.
2024-12-12 17:11:11 [CENTRAL]- Error al consultar el clima
2024-12-12 19:17:41 [CENTRAL]- Petición para consultar clima.
2024-12-12 19:17:41 [CENTRAL]- Circulación viable en Alicante. Temperatura: 11.86°C
2024-12-12 19:17:51 [CENTRAL]- Petición para consultar clima.
2024-12-12 19:17:51 [CENTRAL]- Circulación viable en Alicante. Temperatura: 11.86°C
2024-12-12 19:18:02 [CENTRAL]- Petición para consultar clima.
2024-12-12 19:18:02 [CENTRAL]- Circulación viable en Alicante. Temperatura: 11.86°C
2024-12-12 19:18:12 [CENTRAL]- Petición para consultar clima.
2024-12-12 19:18:12 [CENTRAL]- Circulación viable en Alicante. Temperatura: 11.86°C
2024-12-12 19:18:22 [CENTRAL]- Petición para consultar clima.
2024-12-12 19:18:22 [CENTRAL]- Circulación viable en Alicante. Temperatura: 11.86°C
2024-12-12 19:18:33 [CENTRAL]- Petición para consultar clima.
2024-12-12 19:18:33 [CENTRAL]- Circulación viable en Alicante. Temperatura: 11.86°C
2024-12-12 19:18:43 [CENTRAL]- Petición para consultar clima.
2024-12-12 19:18:43 [CENTRAL]- Circulación viable en Alicante. Temperatura: 11.86°C
2024-12-12 19:18:53 [CENTRAL]- Petición para consultar clima.
2024-12-12 19:18:53 [CENTRAL]- Circulación viable en Alicante. Temperatura: 11.86°C
2024-12-12 19:19:04 [CENTRAL]- Petición para consultar clima.
2024-12-12 19:19:04 [CENTRAL]- Circulación viable en Alicante. Temperatura: 11.86°C
2024-12-12 19:19:14 [CENTRAL]- Petición para consultar clima.
2024-12-12 19:19:14 [CENTRAL]- Circulación viable en Alicante. Temperatura: 11.86°C
2024-12-12 19:19:24 [CENTRAL]- Petición para consultar clima.
2024-12-12 19:19:24 [CENTRAL]- Circulación viable en Alicante. Temperatura: 11.86°C
2024-12-12 19:19:34 [CENTRAL]- Petición para consultar clima.
2024-12-12 19:19:34 [CENTRAL]- Circulación viable en Alicante. Temperatura: 11.86°C
2024-12-12 19:19:45 [CENTRAL]- Petición para consultar clima.
2024-12-12 19:19:45 [CENTRAL]- Circulación viable en Alicante. Temperatura: 11.86°C
2024-12-12 19:19:55 [CENTRAL]- Petición para consultar clima.
2024-12-12 19:19:55 [CENTRAL]- Circulación viable en Alicante. Temperatura: 11.86°C
2024-12-12 19:20:05 [CENTRAL]- Petición para consultar clima.
2024-12-12 19:20:05 [CENTRAL]- Circulación viable en Alicante. Temperatura: 11.55°C
2024-12-12 19:20:15 [CENTRAL]- Petición para consultar clima.
2024-12-12 19:20:15 [CENTRAL]- Circulación viable en Alicante. Temperatura: 11.55°C
2024-12-12 19:20:25 [CENTRAL]- Petición para consultar clima.
2024-12-12 19:20:25 [CENTRAL]- Circulación viable en Alicante. Temperatura: 11.55°C
2024-12-12 19:20:36 [CENTRAL]- Petición para consultar clima.
2024-12-12 19:20:36 [CENTRAL]- Circulación viable en Alicante. Temperatura: 11.86°C
2024-12-12 19:20:46 [CENTRAL]- Petición para consultar clima.
2024-12-12 19:20:46 [CENTRAL]- Circulación viable en Alicante. Temperatura: 11.86°C
2024-12-12 19:20:56 [CENTRAL]- Petición para consultar clima.
2024-12-12 19:20:56 [CENTRAL]- Circulación viable en Alicante. Temperatura: 11.86°C
2024-12-12 19:21:07 [CENTRAL]- Petición para consultar clima.
2024-12-12 19:21:07 [CENTRAL]- Circulación viable en Alicante. Temperatura: 11.86°C
2024-12-12 19:21:17 [CENTRAL]- Petición para consultar clima.
2024-12-12 19:21:17 [CENTRAL]- Circulación viable en Alicante. Temperatura: 11.55°C
2024-12-12 19:21:27 [CENTRAL]- Petición para consultar clima.
2024-12-12 19:21:27 [CENTRAL]- Circulación viable en Alicante. Temperatura: 11.86°C
2024-12-12 19:21:38 [CENTRAL]- Petición para consultar clima.
2024-12-12 19:21:38 [CENTRAL]- Circulación viable en Alicante. Temperatura: 11.86°C
2024-12-12 19:21:48 [CENTRAL]- Petición para consultar clima.
2024-12-12 19:21:48 [CENTRAL]- Circulación viable en Alicante. Temperatura: 11.86°C
2024-12-12 19:21:59 [CENTRAL]- Petición para consultar clima.
2024-12-12 19:21:59 [CENTRAL]- Circulación viable en Alicante. Temperatura: 11.55°C
2024-12-12 19:22:09 [CENTRAL]- Petición para consultar clima.
2024-12-12 19:22:09 [CENTRAL]- Circulación viable en Alicante. Temperatura: 11.55°C
2024-12-12 19:22:19 [CENTRAL]- Petición para consultar clima.
2024-12-12 19:22:19 [CENTRAL]- Circulación viable en Alicante. Temperatura: 11.86°C
2024-12-12 19:22:30 [CENTRAL]- Petición para consultar clima.
2024-12-12 19:22:30 [CENTRAL]- Circulación viable en Alicante. Temperatura: 11.86°C
2024-12-12 19:22:40 [CENTRAL]- Petición para consultar clima.
2024-12-12 19:22:40 [CENTRAL]- Circulación viable en Alicante. Temperatura: 11.86°C
2024-12-12 19:22:50 [CENTRAL]- Petición para consultar clima.
2024-12-12 19:22:50 [CENTRAL]- Circulación viable en Alicante. Temperatura: 11.86°C
2024-12-12 19:23:00 [CENTRAL]- Petición para consultar clima.
2024-12-12 19:23:00 [CENTRAL]- Circulación viable en Alicante. Temperatura: 11.86°C
2024-12-12 19:23:11 [CENTRAL]- Petición para consultar clima.
2024-12-12 19:23:11 [CENTRAL]- Circulación viable en Alicante. Temperatura: 11.55°C
2024-12-12 19:23:21 [CENTRAL]- Petición para consultar clima.
2024-12-12 19:23:21 [CENTRAL]- Circulación viable en Alicante. Temperatura: 11.55°C
2024-12-12 19:23:31 [CENTRAL]- Petición para consultar clima.
2024-12-12 19:23:31 [CENTRAL]- Circulación viable en Alicante. Temperatura: 11.86°C
2024-12-12 19:23:41 [CENTRAL]- Petición para consultar clima.
2024-12-12 19:23:41 [CENTRAL]- Circulación viable en Alicante. Temperatura: 11.86°C
2024-12-12 19:23:52 [CENTRAL]- Petición para consultar clima.
2024-12-12 19:23:52 [CENTRAL]- Circulación viable en Alicante. Temperatura: 11.86°C
2024-12-12 19:24:02 [CENTRAL]- Petición para consultar clima.
2024-12-12 19:24:02 [CENTRAL]- Circulación viable en Alicante. Temperatura: 11.86°C
2024-12-12 19:24:12 [CENTRAL]- Petición para consultar clima.
2024-12-12 19:24:12 [CENTRAL]- Circulación viable en Alicante. Temperatura: 11.55°C
2024-12-12 19:24:23 [CENTRAL]- Petición para consultar clima.
2024-12-12 19:24:23 [CENTRAL]- Circulación viable en Alicante. Temperatura: 11.55°C
2024-12-12 19:24:33 [CENTRAL]- Petición para consultar clima.
2024-12-12 19:24:33 [CENTRAL]- Circulación viable en Alicante. Temperatura: 11.86°C
2024-12-12 19:24:43 [CENTRAL]- Petición para consultar clima.
2024-12-12 19:24:43 [CENTRAL]- Circulación viable en Alicante. Temperatura: 11.86°C
2024-12-12 19:24:54 [CENTRAL]- Petición para consultar clima.
2024-12-12 19:24:54 [CENTRAL]- Circulación viable en Alicante. Temperatura: 11.86°C
2024-12-12 19:25:04 [CENTRAL]- Petición para consultar clima.
2024-12-12 19:25:04 [CENTRAL]- Circulación viable en Alicante. Temperatura: 11.86°C
2024-12-12 19:25:14 [CENTRAL]- Petición para consultar clima.
2024-12-12 19:25:14 [CENTRAL]- Circulación viable en Alicante. Temperatura: 11.55°C
2024-12-12 19:25:24 [CENTRAL]- Petición para consultar clima.
2024-12-12 19:25:24 [CENTRAL]- Circulación viable en Alicante. Temperatura: 11.86°C
2024-12-12 19:25:35 [CENTRAL]- Petición para consultar clima.
2024-12-12 19:25:35 [CENTRAL]- Circulación viable en Alicante. Temperatura: 11.86°C
2024-12-12 19:25:45 [CENTRAL]- Petición para consultar clima.
2024-12-12 19:25:45 [CENTRAL]- Circulación viable en Alicante. Temperatura: 11.55°C
2024-12-12 19:25:55 [CENTRAL]- Petición para consultar clima.
2024-12-12 19:25:55 [CENTRAL]- Circulación viable en Alicante. Temperatura: 11.86°C
2024-12-12 19:26:06 [CENTRAL]- Petición para consultar clima.
2024-12-12 19:26:06 [CENTRAL]- Circulación viable en Alicante. Temperatura: 11.55°C
2024-12-12 19:26:16 [CENTRAL]- Petición para consultar clima.
2024-12-12 19:26:16 [CENTRAL]- Circulación viable en Alicante. Temperatura: 11.86°C
2024-12-12 19:26:26 [CENTRAL]- Petición para consultar clima.
2024-12-12 19:26:26 [CENTRAL]- Circulación viable en Alicante. Temperatura: 11.86°C
2024-12-12 19:26:37 [CENTRAL]- Petición para consultar clima.
2024-12-12 19:26:37 [CENTRAL]- Circulación viable en Alicante. Temperatura: 11.55°C
2024-12-12 19:26:47 [CENTRAL]- Petición para consultar clima.
2024-12-12 19:26:47 [CENTRAL]- Circulación viable en Alicante. Temperatura: 11.55°C
2024-12-12 19:26:58 [CENTRAL]- Petición para consultar clima.
2024-12-12 19:26:58 [CENTRAL]- Circulación viable en Alicante. Temperatura: 11.55°C
2024-12-12 19:27:08 [CENTRAL]- Petición para consultar clima.
2024-12-12 19:27:08 [CENTRAL]- Circulación viable en Alicante. Temperatura: 11.86°C
2024-12-12 19:27:18 [CENTRAL]- Petición para consultar clima.
2024-12-12 19:27:18 [CENTRAL]- Circulación viable en Alicante. Temperatura: 11.55°C
2024-12-12 19:27:29 [CENTRAL]- Petición para consultar clima.
2024-12-12 19:27:29 [CENTRAL]- Circulación viable en Alicante. Temperatura: 11.55°C
2024-12-12 19:27:39 [CENTRAL]- Petición para consultar clima.
2024-12-12 19:27:39 [CENTRAL]- Circulación viable en Alicante. Temperatura: 11.55°C
2024-12-12 19:27:49 [CENTRAL]- Petición para consultar clima.
2024-12-12 19:27:49 [CENTRAL]- Circulación viable en Alicante. Temperatura: 11.86°C
2024-12-12 19:27:59 [CENTRAL]- Petición para consultar clima.
2024-12-12 19:27:59 [CENTRAL]- Circulación viable en Alicante. Temperatura: 11.71°C
2024-12-12 19:28:09 [CENTRAL]- Petición para consultar clima.
2024-12-12 19:28:09 [CENTRAL]- Circulación viable en Alicante. Temperatura: 11.55°C
2024-12-12 19:28:19 [CENTRAL]- Petición para consultar clima.
2024-12-12 19:28:19 [CENTRAL]- Circulación viable en Alicante. Temperatura: 11.55°C
2024-12-12 19:28:30 [CENTRAL]- Petición para consultar clima.
2024-12-12 19:28:30 [CENTRAL]- Circulación viable en Alicante. Temperatura: 11.71°C
2024-12-12 19:28:40 [CENTRAL]- Petición para consultar clima.
2024-12-12 19:28:40 [CENTRAL]- Circulación viable en Alicante. Temperatura: 11.71°C
2024-12-12 19:28:50 [CENTRAL]- Petición para consultar clima.
2024-12-12 19:28:50 [CENTRAL]- Circulación viable en Alicante. Temperatura: 11.55°C
2024-12-12 19:29:01 [CENTRAL]- Petición para consultar clima.
2024-12-12 19:29:01 [CENTRAL]- Circulación viable en Alicante. Temperatura: 11.55°C
2024-12-12 19:29:11 [CENTRAL]- Petición para consultar clima.
2024-12-12 19:29:11 [CENTRAL]- Circulación viable en Alicante. Temperatura: 11.71°C
2024-12-12 19:29:21 [CENTRAL]- Petición para consultar clima.
2024-12-12 19:29:21 [CENTRAL]- Circulación viable en Alicante. Temperatura: 11.55°C
2024-12-12 19:29:32 [CENTRAL]- Petición para consultar clima.
2024-12-12 19:29:32 [CENTRAL]- Circulación viable en Alicante. Temperatura: 11.55°C
2024-12-12 19:29:42 [CENTRAL]- Petición para consultar clima.
2024-12-12 19:29:42 [CENTRAL]- Circulación viable en Alicante. Temperatura: 11.55°C
2024-12-12 19:29:52 [CENTRAL]- Petición para consultar clima.
2024-12-12 19:29:52 [CENTRAL]- Circulación viable en Alicante. Temperatura: 11.55°C
2024-12-12 19:30:02 [CENTRAL]- Petición para consultar clima.
2024-12-12 19:30:02 [CENTRAL]- Circulación viable en Alicante. Temperatura: 11.55°C
2024-12-12 19:30:12 [CENTRAL]- Petición para consultar clima.
2024-12-12 19:30:12 [CENTRAL]- Circulación viable en Alicante. Temperatura: 11.55°C
2024-12-12 19:30:23 [CENTRAL]- Petición para consultar clima.
2024-12-12 19:30:23 [CENTRAL]- Circulación viable en Alicante. Temperatura: 11.71°C
2024-12-12 19:30:33 [CENTRAL]- Petición para consultar clima.
2024-12-12 19:30:33 [CENTRAL]- Circulación viable en Alicante. Temperatura: 11.55°C
2024-12-12 19:30:43 [CENTRAL]- Petición para consultar clima.
2024-12-12 19:30:43 [CENTRAL]- Circulación viable en Alicante. Temperatura: 11.71°C
2024-12-12 19:30:53 [CENTRAL]- Petición para consultar clima.
2024-12-12 19:30:53 [CENTRAL]- Circulación viable en Alicante. Temperatura: 11.71°C
2024-12-12 19:31:04 [CENTRAL]- Petición para consultar clima.
2024-12-12 19:31:04 [CENTRAL]- Circulación viable en Alicante. Temperatura: 11.71°C
2024-12-12 19:31:14 [CENTRAL]- Petición para consultar clima.
2024-12-12 19:31:14 [CENTRAL]- Circulación viable en Alicante. Temperatura: 11.71°C
2024-12-12 19:31:24 [CENTRAL]- Petición para consultar clima.
2024-12-12 19:31:24 [CENTRAL]- Circulación viable en Alicante. Temperatura: 11.55°C
2024-12-12 19:31:35 [CENTRAL]- Petición para consultar clima.
2024-12-12 19:31:35 [CENTRAL]- Circulación viable en Alicante. Temperatura: 11.71°C
2024-12-12 19:31:45 [CENTRAL]- Petición para consultar clima.
2024-12-12 19:31:45 [CENTRAL]- Circulación viable en Alicante. Temperatura: 11.71°C
2024-12-12 19:31:55 [CENTRAL]- Petición para consultar clima.
2024-12-12 19:31:55 [CENTRAL]- Circulación viable en Alicante. Temperatura: 11.55°C
2024-12-12 19:32:06 [CENTRAL]- Petición para consultar clima.
2024-12-12 19:32:06 [CENTRAL]- Circulación viable en Alicante. Temperatura: 11.71°C
2024-12-12 19:32:16 [CENTRAL]- Petición para consultar clima.
2024-12-12 19:32:16 [CENTRAL]- Circulación viable en Alicante. Temperatura: 11.71°C
2024-12-12 19:32:26 [CENTRAL]- Petición para consultar clima.
2024-12-12 19:32:26 [CENTRAL]- Circulación viable en Alicante. Temperatura: 11.71°C
2024-12-12 19:32:37 [CENTRAL]- Petición para consultar clima.
2024-12-12 19:32:37 [CENTRAL]- Circulación viable en Alicante. Temperatura: 11.55°C
2024-12-12 19:32:47 [CENTRAL]- Petición para consultar clima.
2024-12-12 19:32:47 [CENTRAL]- Circulación viable en Alicante. Temperatura: 11.71°C
2024-12-12 19:32:57 [CENTRAL]- Petición para consultar clima.
2024-12-12 19:32:57 [CENTRAL]- Circulación viable en Alicante. Temperatura: 11.55°C
2024-12-12 19:33:07 [CENTRAL]- Petición para consultar clima.
2024-12-12 19:33:07 [CENTRAL]- Circulación viable en Alicante. Temperatura: 11.71°C
2024-12-12 19:33:18 [CENTRAL]- Petición para consultar clima.
2024-12-12 19:33:18 [CENTRAL]- Circulación viable en Alicante. Temperatura: 11.71°C
2024-12-12 19:33:28 [CENTRAL]- Petición para consultar clima.
2024-12-12 19:33:28 [CENTRAL]- Circulación viable en Alicante. Temperatura: 11.55°C
2024-12-12 19:33:38 [CENTRAL]- Petición para consultar clima.
2024-12-12 19:33:38 [CENTRAL]- Circulación viable en Alicante. Temperatura: 11.55°C
2024-12-12 19:33:49 [CENTRAL]- Petición para consultar clima.
2024-12-12 19:33:49 [CENTRAL]- Circulación viable en Alicante. Temperatura: 11.71°C
2024-12-12 19:33:59 [CENTRAL]- Petición para consultar clima.
2024-12-12 19:33:59 [CENTRAL]- Circulación viable en Alicante. Temperatura: 11.71°C
2024-12-12 19:34:09 [CENTRAL]- Petición para consultar clima.
2024-12-12 19:34:09 [CENTRAL]- Circulación viable en Alicante. Temperatura: 11.71°C
2024-12-12 19:34:20 [CENTRAL]- Petición para consultar clima.
2024-12-12 19:34:20 [CENTRAL]- Circulación viable en Alicante. Temperatura: 11.55°C
2024-12-12 19:34:30 [CENTRAL]- Petición para consultar clima.
2024-12-12 19:34:30 [CENTRAL]- Circulación viable en Alicante. Temperatura: 11.55°C
2024-12-12 19:34:41 [CENTRAL]- Petición para consultar clima.
2024-12-12 19:34:41 [CENTRAL]- Circulación viable en Alicante. Temperatura: 11.55°C
2024-12-12 19:34:51 [CENTRAL]- Petición para consultar clima.
2024-12-12 19:34:51 [CENTRAL]- Circulación viable en Alicante. Temperatura: 11.71°C
2024-12-12 19:35:01 [CENTRAL]- Petición para consultar clima.
2024-12-12 19:35:01 [CENTRAL]- Circulación viable en Alicante. Temperatura: 11.71°C
2024-12-12 19:35:12 [CENTRAL]- Petición para consultar clima.
2024-12-12 19:35:12 [CENTRAL]- Circulación viable en Alicante. Temperatura: 11.71°C
2024-12-12 19:35:22 [CENTRAL]- Petición para consultar clima.
2024-12-12 19:35:22 [CENTRAL]- Circulación viable en Alicante. Temperatura: 11.71°C
2024-12-12 19:35:32 [CENTRAL]- Petición para consultar clima.
2024-12-12 19:35:32 [CENTRAL]- Circulación viable en Alicante. Temperatura: 11.71°C
2024-12-12 19:35:42 [CENTRAL]- Petición para consultar clima.
2024-12-12 19:35:42 [CENTRAL]- Circulación viable en Alicante. Temperatura: 11.71°C
2024-12-12 19:35:53 [CENTRAL]- Petición para consultar clima.
2024-12-12 19:35:53 [CENTRAL]- Circulación viable en Alicante. Temperatura: 11.71°C
2024-12-12 19:36:03 [CENTRAL]- Petición para consultar clima.
2024-12-12 19:36:03 [CENTRAL]- Circulación viable en Alicante. Temperatura: 11.71°C
2024-12-12 19:36:13 [CENTRAL]- Petición para consultar clima.
2024-12-12 19:36:13 [CENTRAL]- Circulación viable en Alicante. Temperatura: 11.71°C
2024-12-12 19:36:23 [CENTRAL]- Petición para consultar clima.
2024-12-12 19:36:23 [CENTRAL]- Circulación viable en Alicante. Temperatura: 11.71°C
2024-12-12 19:36:33 [CENTRAL]- Petición para consultar clima.
2024-12-12 19:36:33 [CENTRAL]- Circulación viable en Alicante. Temperatura: 11.71°C
2024-12-12 19:36:44 [CENTRAL]- Petición para consultar clima.
2024-12-12 19:36:44 [CENTRAL]- Circulación viable en Alicante. Temperatura: 11.71°C
2024-12-12 19:36:54 [CENTRAL]- Petición para consultar clima.
2024-12-12 19:36:54 [CENTRAL]- Circulación viable en Alicante. Temperatura: 11.71°C
2024-12-12 19:37:04 [CENTRAL]- Petición para consultar clima.
2024-12-12 19:37:04 [CENTRAL]- Circulación viable en Alicante. Temperatura: 11.71°C
2024-12-12 19:37:14 [CENTRAL]- Petición para consultar clima.
2024-12-12 19:37:14 [CENTRAL]- Circulación viable en Alicante. Temperatura: 11.71°C
2024-12-12 19:37:24 [CENTRAL]- Petición para consultar clima.
2024-12-12 19:37:24 [CENTRAL]- Circulación viable en Alicante. Temperatura: 11.71°C
2024-12-12 19:37:35 [CENTRAL]- Petición para consultar clima.
2024-12-12 19:37:35 [CENTRAL]- Circulación viable en Alicante. Temperatura: 11.71°C
2024-12-12 19:37:45 [CENTRAL]- Petición para consultar clima.
2024-12-12 19:37:45 [CENTRAL]- Circulación viable en Alicante. Temperatura: 11.71°C
2024-12-12 19:37:56 [CENTRAL]- Petición para consultar clima.
2024-12-12 19:37:56 [CENTRAL]- Circulación viable en Alicante. Temperatura: 11.71°C
2024-12-12 19:38:06 [CENTRAL]- Petición para consultar clima.
2024-12-12 19:38:06 [CENTRAL]- Circulación viable en Alicante. Temperatura: 11.71°C
2024-12-12 19:38:16 [CENTRAL]- Petición para consultar clima.
2024-12-12 19:38:16 [CENTRAL]- Circulación viable en Alicante. Temperatura: 11.71°C
2024-12-12 19:38:27 [CENTRAL]- Petición para consultar clima.
2024-12-12 19:38:27 [CENTRAL]- Circulación viable en Alicante. Temperatura: 11.71°C
2024-12-12 19:38:37 [CENTRAL]- Petición para consultar clima.
2024-12-12 19:38:37 [CENTRAL]- Circulación viable en Alicante. Temperatura: 11.71°C
2024-12-12 19:38:47 [CENTRAL]- Petición para consultar clima.
2024-12-12 19:38:47 [CENTRAL]- Circulación viable en Alicante. Temperatura: 11.71°C
2024-12-12 19:38:58 [CENTRAL]- Petición para consultar clima.
2024-12-12 19:38:58 [CENTRAL]- Circulación viable en Alicante. Temperatura: 11.71°C
2024-12-12 19:39:08 [CENTRAL]- Petición para consultar clima.
2024-12-12 19:39:08 [CENTRAL]- Circulación viable en Alicante. Temperatura: 11.71°C
2024-12-12 19:39:18 [CENTRAL]- Petición para consultar clima.
2024-12-12 19:39:18 [CENTRAL]- Circulación viable en Alicante. Temperatura: 11.71°C
2024-12-12 19:39:29 [CENTRAL]- Petición para consultar clima.
2024-12-12 19:39:29 [CENTRAL]- Circulación viable en Alicante. Temperatura: 11.71°C
2024-12-12 19:39:39 [CENTRAL]- Petición para consultar clima.
2024-12-12 19:39:39 [CENTRAL]- Circulación viable en Alicante. Temperatura: 11.71°C
2024-12-12 19:39:49 [CENTRAL]- Petición para consultar clima.
2024-12-12 19:39:49 [CENTRAL]- Circulación viable en Alicante. Temperatura: 12.03°C
2024-12-12 19:40:00 [CENTRAL]- Petición para consultar clima.
2024-12-12 19:40:00 [CENTRAL]- Circulación viable en Alicante. Temperatura: 12.03°C
2024-12-12 19:40:10 [CENTRAL]- Petición para consultar clima.
2024-12-12 19:40:10 [CENTRAL]- Circulación viable en Alicante. Temperatura: 12.03°C
2024-12-12 19:40:20 [CENTRAL]- Petición para consultar clima.
2024-12-12 19:40:20 [CENTRAL]- Circulación viable en Alicante. Temperatura: 12.03°C
2024-12-12 19:40:30 [CENTRAL]- Petición para consultar clima.
2024-12-12 19:40:30 [CENTRAL]- Circulación viable en Alicante. Temperatura: 12.03°C
2024-12-12 19:40:40 [CENTRAL]- Petición para consultar clima.
2024-12-12 19:40:40 [CENTRAL]- Circulación viable en Alicante. Temperatura: 12.03°C
2024-12-12 19:40:51 [CENTRAL]- Petición para consultar clima.
2024-12-12 19:40:51 [CENTRAL]- Circulación viable en Alicante. Temperatura: 12.03°C
2024-12-12 19:41:01 [CENTRAL]- Petición para consultar clima.
2024-12-12 19:41:01 [CENTRAL]- Circulación viable en Alicante. Temperatura: 12.03°C
2024-12-12 19:41:11 [CENTRAL]- Petición para consultar clima.
2024-12-12 19:41:11 [CENTRAL]- Circulación viable en Alicante. Temperatura: 12.03°C
2024-12-12 19:41:22 [CENTRAL]- Petición para consultar clima.
2024-12-12 19:41:22 [CENTRAL]- Circulación viable en Alicante. Temperatura: 12.03°C
2024-12-12 19:41:32 [CENTRAL]- Petición para consultar clima.
2024-12-12 19:41:32 [CENTRAL]- Circulación viable en Alicante. Temperatura: 12.03°C
2024-12-12 19:41:42 [CENTRAL]- Petición para consultar clima.
2024-12-12 19:41:42 [CENTRAL]- Circulación viable en Alicante. Temperatura: 12.03°C
2024-12-12 19:41:54 [CENTRAL]- Petición para consultar clima.
2024-12-12 19:41:54 [CENTRAL]- Circulación viable en Alicante. Temperatura: 12.03°C
2024-12-12 19:42:04 [CENTRAL]- Petición para consultar clima.
2024-12-12 19:42:04 [CENTRAL]- Circulación viable en Alicante. Temperatura: 12.03°C
2024-12-12 19:42:14 [CENTRAL]- Petición para consultar clima.
2024-12-12 19:42:14 [CENTRAL]- Circulación viable en Alicante. Temperatura: 12.03°C
2024-12-12 19:42:24 [CENTRAL]- Petición para consultar clima.
2024-12-12 19:42:24 [CENTRAL]- Circulación viable en Alicante. Temperatura: 12.03°C
2024-12-12 19:42:35 [CENTRAL]- Petición para consultar clima.
2024-12-12 19:42:35 [CENTRAL]- Circulación viable en Alicante. Temperatura: 12.03°C
2024-12-12 19:42:45 [CENTRAL]- Petición para consultar clima.
2024-12-12 19:42:45 [CENTRAL]- Circulación viable en Alicante. Temperatura: 12.03°C
2024-12-12 19:42:55 [CENTRAL]- Petición para consultar clima.
2024-12-12 19:42:55 [CENTRAL]- Circulación viable en Alicante. Temperatura: 12.03°C
2024-12-12 19:43:06 [CENTRAL]- Petición para consultar clima.
2024-12-12 19:43:06 [CENTRAL]- Circulación viable en Alicante. Temperatura: 12.03°C
2024-12-12 19:43:16 [CENTRAL]- Petición para consultar clima.
2024-12-12 19:43:16 [CENTRAL]- Circulación viable en Alicante. Temperatura: 12.03°C
2024-12-12 19:43:26 [CENTRAL]- Petición para consultar clima.
2024-12-12 19:43:26 [CENTRAL]- Circulación viable en Alicante. Temperatura: 12.03°C
2024-12-12 19:43:36 [CENTRAL]- Petición para consultar clima.
2024-12-12 19:43:36 [CENTRAL]- Circulación viable en Alicante. Temperatura: 12.03°C
2024-12-12 19:43:47 [CENTRAL]- Petición para consultar clima.
2024-12-12 19:43:47 [CENTRAL]- Circulación viable en Alicante. Temperatura: 12.03°C
2024-12-12 19:43:57 [CENTRAL]- Petición para consultar clima.
2024-12-12 19:43:57 [CENTRAL]- Circulación viable en Alicante. Temperatura: 12.03°C
2024-12-12 19:44:07 [CENTRAL]- Petición para consultar clima.
2024-12-12 19:44:07 [CENTRAL]- Circulación viable en Alicante. Temperatura: 12.03°C
2024-12-12 19:44:18 [CENTRAL]- Petición para consultar clima.
2024-12-12 19:44:18 [CENTRAL]- Circulación viable en Alicante. Temperatura: 12.03°C
2024-12-12 19:44:28 [CENTRAL]- Petición para consultar clima.
2024-12-12 19:44:28 [CENTRAL]- Circulación viable en Alicante. Temperatura: 12.03°C
2024-12-12 19:44:39 [CENTRAL]- Petición para consultar clima.
2024-12-12 19:44:39 [CENTRAL]- Circulación viable en Alicante. Temperatura: 11.3°C
2024-12-12 19:44:49 [CENTRAL]- Petición para consultar clima.
2024-12-12 19:44:49 [CENTRAL]- Circulación viable en Alicante. Temperatura: 11.3°C
2024-12-12 19:44:59 [CENTRAL]- Petición para consultar clima.
2024-12-12 19:44:59 [CENTRAL]- Circulación viable en Alicante. Temperatura: 12.03°C
2024-12-12 19:45:10 [CENTRAL]- Petición para consultar clima.
2024-12-12 19:45:10 [CENTRAL]- Circulación viable en Alicante. Temperatura: 12.03°C
2024-12-12 19:45:20 [CENTRAL]- Petición para consultar clima.
2024-12-12 19:45:20 [CENTRAL]- Circulación viable en Alicante. Temperatura: 11.3°C
2024-12-12 19:45:30 [CENTRAL]- Petición para consultar clima.
2024-12-12 19:45:30 [CENTRAL]- Circulación viable en Alicante. Temperatura: 12.03°C
2024-12-12 19:45:41 [CENTRAL]- Petición para consultar clima.
2024-12-12 19:45:41 [CENTRAL]- Circulación viable en Alicante. Temperatura: 12.03°C
2024-12-12 19:45:51 [CENTRAL]- Petición para consultar clima.
2024-12-12 19:45:51 [CENTRAL]- Circulación viable en Alicante. Temperatura: 11.3°C
2024-12-12 19:46:01 [CENTRAL]- Petición para consultar clima.
2024-12-12 19:46:01 [CENTRAL]- Circulación viable en Alicante. Temperatura: 11.3°C
2024-12-12 19:46:12 [CENTRAL]- Petición para consultar clima.
2024-12-12 19:46:12 [CENTRAL]- Circulación viable en Alicante. Temperatura: 12.03°C
2024-12-12 19:46:22 [CENTRAL]- Petición para consultar clima.
2024-12-12 19:46:22 [CENTRAL]- Circulación viable en Alicante. Temperatura: 11.3°C
2024-12-12 19:46:32 [CENTRAL]- Petición para consultar clima.
2024-12-12 19:46:32 [CENTRAL]- Circulación viable en Alicante. Temperatura: 12.03°C
2024-12-12 19:46:43 [CENTRAL]- Petición para consultar clima.
2024-12-12 19:46:43 [CENTRAL]- Circulación viable en Alicante. Temperatura: 11.3°C
2024-12-12 19:46:53 [CENTRAL]- Petición para consultar clima.
2024-12-12 19:46:53 [CENTRAL]- Circulación viable en Alicante. Temperatura: 12.03°C
2024-12-12 19:47:03 [CENTRAL]- Petición para consultar clima.
2024-12-12 19:47:03 [CENTRAL]- Circulación viable en Alicante. Temperatura: 12.03°C
2024-12-12 19:47:13 [CENTRAL]- Petición para consultar clima.
2024-12-12 19:47:13 [CENTRAL]- Circulación viable en Alicante. Temperatura: 12.03°C
2024-12-12 19:47:24 [CENTRAL]- Petición para consultar clima.
2024-12-12 19:47:24 [CENTRAL]- Circulación viable en Alicante. Temperatura: 12.03°C
2024-12-12 19:47:34 [CENTRAL]- Petición para consultar clima.
2024-12-12 19:47:34 [CENTRAL]- Circulación viable en Alicante. Temperatura: 12.03°C
2024-12-12 19:47:44 [CENTRAL]- Petición para consultar clima.
2024-12-12 19:47:44 [CENTRAL]- Circulación viable en Alicante. Temperatura: 11.3°C
2024-12-12 19:47:54 [CENTRAL]- Petición para consultar clima.
2024-12-12 19:47:54 [CENTRAL]- Circulación viable en Alicante. Temperatura: 11.3°C
2024-12-12 19:48:05 [CENTRAL]- Petición para consultar clima.
2024-12-12 19:48:05 [CENTRAL]- Circulación viable en Alicante. Temperatura: 11.3°C
2024-12-12 19:48:15 [CENTRAL]- Petición para consultar clima.
2024-12-12 19:48:15 [CENTRAL]- Circulación viable en Alicante. Temperatura: 11.3°C
2024-12-12 19:48:25 [CENTRAL]- Petición para consultar clima.
2024-12-12 19:48:25 [CENTRAL]- Circulación viable en Alicante. Temperatura: 12.03°C
2024-12-12 19:48:36 [CENTRAL]- Petición para consultar clima.
2024-12-12 19:48:36 [CENTRAL]- Circulación viable en Alicante. Temperatura: 12.03°C
2024-12-12 19:48:46 [CENTRAL]- Petición para consultar clima.
2024-12-12 19:48:46 [CENTRAL]- Circulación viable en Alicante. Temperatura: 12.03°C
2024-12-12 19:48:56 [CENTRAL]- Petición para consultar clima.
2024-12-12 19:48:56 [CENTRAL]- Circulación viable en Alicante. Temperatura: 11.3°C
2024-12-12 19:49:06 [CENTRAL]- Petición para consultar clima.
2024-12-12 19:49:06 [CENTRAL]- Circulación viable en Alicante. Temperatura: 11.3°C
2024-12-12 19:49:17 [CENTRAL]- Petición para consultar clima.
2024-12-12 19:49:17 [CENTRAL]- Circulación viable en Alicante. Temperatura: 11.3°C
2024-12-12 19:49:27 [CENTRAL]- Petición para consultar clima.
2024-12-12 19:49:27 [CENTRAL]- Circulación viable en Alicante. Temperatura: 12.03°C
2024-12-12 19:49:37 [CENTRAL]- Petición para consultar clima.
2024-12-12 19:49:37 [CENTRAL]- Circulación viable en Alicante. Temperatura: 12.03°C
2024-12-12 19:49:48 [CENTRAL]- Petición para consultar clima.
2024-12-12 19:49:48 [CENTRAL]- Circulación viable en Alicante. Temperatura: 11.3°C
2024-12-12 19:49:58 [CENTRAL]- Petición para consultar clima.
2024-12-12 19:49:58 [CENTRAL]- Circulación viable en Alicante. Temperatura: 11.3°C
2024-12-12 19:50:08 [CENTRAL]- Petición para consultar clima.
2024-12-12 19:50:08 [CENTRAL]- Circulación viable en Alicante. Temperatura: 11.3°C
2024-12-12 19:50:19 [CENTRAL]- Petición para consultar clima.
2024-12-12 19:50:19 [CENTRAL]- Circulación viable en Alicante. Temperatura: 11.3°C
2024-12-12 19:50:29 [CENTRAL]- Petición para consultar clima.
2024-12-12 19:50:29 [CENTRAL]- Circulación viable en Alicante. Temperatura: 11.3°C
2024-12-12 19:50:39 [CENTRAL]- Petición para consultar clima.
2024-12-12 19:50:39 [CENTRAL]- Circulación viable en Alicante. Temperatura: 11.3°C
2024-12-12 19:50:50 [CENTRAL]- Petición para consultar clima.
2024-12-12 19:50:50 [CENTRAL]- Circulación viable en Alicante. Temperatura: 11.3°C
2024-12-12 19:51:00 [CENTRAL]- Petición para consultar clima.
2024-12-12 19:51:00 [CENTRAL]- Circulación viable en Alicante. Temperatura: 11.3°C
2024-12-12 19:51:10 [CENTRAL]- Petición para consultar clima.
2024-12-12 19:51:10 [CENTRAL]- Circulación viable en Alicante. Temperatura: 11.3°C
2024-12-12 19:51:21 [CENTRAL]- Petición para consultar clima.
2024-12-12 19:51:21 [CENTRAL]- Circulación viable en Alicante. Temperatura: 11.3°C
2024-12-12 19:51:31 [CENTRAL]- Petición para consultar clima.
2024-12-12 19:51:31 [CENTRAL]- Circulación viable en Alicante. Temperatura: 11.3°C
2024-12-12 19:51:41 [CENTRAL]- Petición para consultar clima.
2024-12-12 19:51:41 [CENTRAL]- Circulación viable en Alicante. Temperatura: 11.3°C
2024-12-12 19:51:52 [CENTRAL]- Petición para consultar clima.
2024-12-12 19:51:52 [CENTRAL]- Circulación viable en Alicante. Temperatura: 11.3°C
2024-12-12 19:52:02 [CENTRAL]- Petición para consultar clima.
2024-12-12 19:52:02 [CENTRAL]- Circulación viable en Alicante. Temperatura: 11.3°C
2024-12-12 19:52:13 [CENTRAL]- Petición para consultar clima.
2024-12-12 19:52:13 [CENTRAL]- Circulación viable en Alicante. Temperatura: 11.3°C
2024-12-12 19:52:23 [CENTRAL]- Petición para consultar clima.
2024-12-12 19:52:23 [CENTRAL]- Circulación viable en Alicante. Temperatura: 11.3°C
2024-12-12 19:52:33 [CENTRAL]- Petición para consultar clima.
2024-12-12 19:52:33 [CENTRAL]- Circulación viable en Alicante. Temperatura: 11.3°C
2024-12-12 19:52:44 [CENTRAL]- Petición para consultar clima.
2024-12-12 19:52:44 [CENTRAL]- Circulación viable en Alicante. Temperatura: 11.3°C
2024-12-12 19:52:54 [CENTRAL]- Petición para consultar clima.
2024-12-12 19:52:54 [CENTRAL]- Circulación viable en Alicante. Temperatura: 11.3°C
2024-12-12 19:53:04 [CENTRAL]- Petición para consultar clima.
2024-12-12 19:53:04 [CENTRAL]- Circulación viable en Alicante. Temperatura: 11.3°C
2024-12-12 19:53:15 [CENTRAL]- Petición para consultar clima.
2024-12-12 19:53:15 [CENTRAL]- Circulación viable en Alicante. Temperatura: 11.3°C
2024-12-12 19:53:25 [CENTRAL]- Petición para consultar clima.
2024-12-12 19:53:25 [CENTRAL]- Circulación viable en Alicante. Temperatura: 11.3°C
2024-12-12 19:53:35 [CENTRAL]- Petición para consultar clima.
2024-12-12 19:53:35 [CENTRAL]- Circulación viable en Alicante. Temperatura: 11.3°C
2024-12-12 19:53:46 [CENTRAL]- Petición para consultar clima.
2024-12-12 19:53:46 [CENTRAL]- Circulación viable en Alicante. Temperatura: 11.3°C
2024-12-12 19:53:56 [CENTRAL]- Petición para consultar clima.
2024-12-12 19:53:56 [CENTRAL]- Circulación viable en Alicante. Temperatura: 11.3°C
2024-12-12 19:54:06 [CENTRAL]- Petición para consultar clima.
2024-12-12 19:54:06 [CENTRAL]- Circulación viable en Alicante. Temperatura: 11.3°C
2024-12-12 19:54:17 [CENTRAL]- Petición para consultar clima.
2024-12-12 19:54:17 [CENTRAL]- Circulación viable en Alicante. Temperatura: 11.3°C
2024-12-12 19:54:27 [CENTRAL]- Petición para consultar clima.
2024-12-12 19:54:27 [CENTRAL]- Circulación viable en Alicante. Temperatura: 11.3°C
2024-12-12 19:54:37 [CENTRAL]- Petición para consultar clima.
2024-12-12 19:54:37 [CENTRAL]- Circulación viable en Alicante. Temperatura: 11.3°C
2024-12-12 19:54:47 [CENTRAL]- Petición para consultar clima.
2024-12-12 19:54:47 [CENTRAL]- Circulación viable en Alicante. Temperatura: 10.93°C
2024-12-12 19:54:57 [CENTRAL]- Petición para consultar clima.
2024-12-12 19:54:57 [CENTRAL]- Circulación viable en Alicante. Temperatura: 10.93°C
2024-12-12 19:55:08 [CENTRAL]- Petición para consultar clima.
2024-12-12 19:55:08 [CENTRAL]- Circulación viable en Alicante. Temperatura: 11.3°C
2024-12-12 19:55:18 [CENTRAL]- Petición para consultar clima.
2024-12-12 19:55:18 [CENTRAL]- Circulación viable en Alicante. Temperatura: 11.3°C
2024-12-12 19:55:28 [CENTRAL]- Petición para consultar clima.
2024-12-12 19:55:28 [CENTRAL]- Circulación viable en Alicante. Temperatura: 11.3°C
2024-12-12 19:55:39 [CENTRAL]- Petición para consultar clima.
2024-12-12 19:55:39 [CENTRAL]- Circulación viable en Alicante. Temperatura: 10.93°C
2024-12-12 19:55:49 [CENTRAL]- Petición para consultar clima.
2024-12-12 19:55:49 [CENTRAL]- Circulación viable en Alicante. Temperatura: 10.93°C
2024-12-12 19:56:00 [CENTRAL]- Petición para consultar clima.
2024-12-12 19:56:00 [CENTRAL]- Circulación viable en Alicante. Temperatura: 10.93°C
2024-12-12 19:56:10 [CENTRAL]- Petición para consultar clima.
2024-12-12 19:56:10 [CENTRAL]- Circulación viable en Alicante. Temperatura: 10.93°C
2024-12-12 19:56:20 [CENTRAL]- Petición para consultar clima.
2024-12-12 19:56:20 [CENTRAL]- Circulación viable en Alicante. Temperatura: 11.3°C
2024-12-12 19:56:31 [CENTRAL]- Petición para consultar clima.
2024-12-12 19:56:31 [CENTRAL]- Circulación viable en Alicante. Temperatura: 10.93°C
2024-12-12 19:56:41 [CENTRAL]- Petición para consultar clima.
2024-12-12 19:56:41 [CENTRAL]- Circulación viable en Alicante. Temperatura: 11.3°C
2024-12-12 19:56:51 [CENTRAL]- Petición para consultar clima.
2024-12-12 19:56:51 [CENTRAL]- Circulación viable en Alicante. Temperatura: 10.93°C
2024-12-12 19:57:02 [CENTRAL]- Petición para consultar clima.
2024-12-12 19:57:02 [CENTRAL]- Circulación viable en Alicante. Temperatura: 11.3°C
2024-12-12 19:57:12 [CENTRAL]- Petición para consultar clima.
2024-12-12 19:57:12 [CENTRAL]- Circulación viable en Alicante. Temperatura: 11.3°C
2024-12-12 19:57:22 [CENTRAL]- Petición para consultar clima.
2024-12-12 19:57:22 [CENTRAL]- Circulación viable en Alicante. Temperatura: 11.3°C
2024-12-12 19:57:32 [CENTRAL]- Petición para consultar clima.
2024-12-12 19:57:32 [CENTRAL]- Circulación viable en Alicante. Temperatura: 10.93°C
2024-12-12 19:57:43 [CENTRAL]- Petición para consultar clima.
2024-12-12 19:57:43 [CENTRAL]- Circulación viable en Alicante. Temperatura: 10.93°C
2024-12-12 19:57:53 [CENTRAL]- Petición para consultar clima.
2024-12-12 19:57:53 [CENTRAL]- Circulación viable en Alicante. Temperatura: 11.3°C
2024-12-12 19:58:03 [CENTRAL]- Petición para consultar clima.
2024-12-12 19:58:03 [CENTRAL]- Circulación viable en Alicante. Temperatura: 10.93°C
2024-12-12 19:58:13 [CENTRAL]- Petición para consultar clima.
2024-12-12 19:58:13 [CENTRAL]- Circulación viable en Alicante. Temperatura: 11.3°C
2024-12-12 19:58:23 [CENTRAL]- Petición para consultar clima.
2024-12-12 19:58:23 [CENTRAL]- Circulación viable en Alicante. Temperatura: 10.93°C
2024-12-12 19:58:34 [CENTRAL]- Petición para consultar clima.
2024-12-12 19:58:34 [CENTRAL]- Circulación viable en Alicante. Temperatura: 10.93°C
2024-12-12 19:58:44 [CENTRAL]- Petición para consultar clima.
2024-12-12 19:58:44 [CENTRAL]- Circulación viable en Alicante. Temperatura: 11.3°C
2024-12-12 19:58:54 [CENTRAL]- Petición para consultar clima.
2024-12-12 19:58:54 [CENTRAL]- Circulación viable en Alicante. Temperatura: 11.3°C
2024-12-12 19:59:04 [CENTRAL]- Petición para consultar clima.
2024-12-12 19:59:04 [CENTRAL]- Circulación viable en Alicante. Temperatura: 10.93°C
2024-12-12 19:59:15 [CENTRAL]- Petición para consultar clima.
2024-12-12 19:59:15 [CENTRAL]- Circulación viable en Alicante. Temperatura: 11.3°C
2024-12-12 19:59:25 [CENTRAL]- Petición para consultar clima.
2024-12-12 19:59:25 [CENTRAL]- Circulación viable en Alicante. Temperatura: 11.3°C
2024-12-12 19:59:35 [CENTRAL]- Petición para consultar clima.
2024-12-12 19:59:35 [CENTRAL]- Circulación viable en Alicante. Temperatura: 11.3°C
2024-12-12 19:59:45 [CENTRAL]- Petición para consultar clima.
2024-12-12 19:59:45 [CENTRAL]- Circulación viable en Alicante. Temperatura: 11.3°C
2024-12-12 19:59:56 [CENTRAL]- Petición para consultar clima.
2024-12-12 19:59:56 [CENTRAL]- Circulación viable en Alicante. Temperatura: 11.3°C
2024-12-12 20:00:06 [CENTRAL]- Petición para consultar clima.
2024-12-12 20:00:06 [CENTRAL]- Circulación viable en Alicante. Temperatura: 10.93°C
2024-12-12 20:00:16 [CENTRAL]- Petición para consultar clima.
2024-12-12 20:00:16 [CENTRAL]- Circulación viable en Alicante. Temperatura: 10.93°C
2024-12-12 20:00:26 [CENTRAL]- Petición para consultar clima.
2024-12-12 20:00:26 [CENTRAL]- Circulación viable en Alicante. Temperatura: 10.93°C
2024-12-12 20:00:37 [CENTRAL]- Petición para consultar clima.
2024-12-12 20:00:37 [CENTRAL]- Circulación viable en Alicante. Temperatura: 10.93°C
2024-12-12 20:00:47 [CENTRAL]- Petición para consultar clima.
2024-12-12 20:00:47 [CENTRAL]- Circulación viable en Alicante. Temperatura: 10.93°C
2024-12-12 20:00:57 [CENTRAL]- Petición para consultar clima.
2024-12-12 20:00:57 [CENTRAL]- Circulación viable en Alicante. Temperatura: 10.93°C
2024-12-12 20:01:08 [CENTRAL]- Petición para consultar clima.
2024-12-12 20:01:08 [CENTRAL]- Circulación viable en Alicante. Temperatura: 10.93°C
2024-12-12 20:01:18 [CENTRAL]- Petición para consultar clima.
2024-12-12 20:01:18 [CENTRAL]- Circulación viable en Alicante. Temperatura: 10.93°C
2024-12-12 20:01:28 [CENTRAL]- Petición para consultar clima.
2024-12-12 20:01:28 [CENTRAL]- Circulación viable en Alicante. Temperatura: 10.93°C
2024-12-12 20:01:39 [CENTRAL]- Petición para consultar clima.
2024-12-12 20:01:39 [CENTRAL]- Circulación viable en Alicante. Temperatura: 10.93°C
2024-12-12 20:01:49 [CENTRAL]- Petición para consultar clima.
2024-12-12 20:01:49 [CENTRAL]- Circulación viable en Alicante. Temperatura: 10.93°C
2024-12-12 20:01:59 [CENTRAL]- Petición para consultar clima.
2024-12-12 20:01:59 [CENTRAL]- Circulación viable en Alicante. Temperatura: 10.93°C
2024-12-12 20:02:10 [CENTRAL]- Petición para consultar clima.
2024-12-12 20:02:10 [CENTRAL]- Circulación viable en Alicante. Temperatura: 10.93°C
2024-12-12 20:02:20 [CENTRAL]- Petición para consultar clima.
2024-12-12 20:02:20 [CENTRAL]- Circulación viable en Alicante. Temperatura: 10.93°C
2024-12-12 20:02:30 [CENTRAL]- Petición para consultar clima.
2024-12-12 20:02:30 [CENTRAL]- Circulación viable en Alicante. Temperatura: 10.93°C
2024-12-12 20:02:40 [CENTRAL]- Petición para consultar clima.
2024-12-12 20:02:40 [CENTRAL]- Circulación viable en Alicante. Temperatura: 10.93°C
2024-12-12 20:02:51 [CENTRAL]- Petición para consultar clima.
2024-12-12 20:02:51 [CENTRAL]- Circulación viable en Alicante. Temperatura: 10.93°C
2024-12-12 20:03:01 [CENTRAL]- Petición para consultar clima.
2024-12-12 20:03:01 [CENTRAL]- Circulación viable en Alicante. Temperatura: 10.93°C
2024-12-12 20:03:11 [CENTRAL]- Petición para consultar clima.
2024-12-12 20:03:11 [CENTRAL]- Circulación viable en Alicante. Temperatura: 10.93°C
2024-12-12 20:03:22 [CENTRAL]- Petición para consultar clima.
2024-12-12 20:03:22 [CENTRAL]- Circulación viable en Alicante. Temperatura: 10.93°C
2024-12-12 20:03:32 [CENTRAL]- Petición para consultar clima.
2024-12-12 20:03:32 [CENTRAL]- Circulación viable en Alicante. Temperatura: 10.93°C
2024-12-12 20:03:43 [CENTRAL]- Petición para consultar clima.
2024-12-12 20:03:43 [CENTRAL]- Circulación viable en Alicante. Temperatura: 10.93°C
2024-12-12 20:03:53 [CENTRAL]- Petición para consultar clima.
2024-12-12 20:03:53 [CENTRAL]- Circulación viable en Alicante. Temperatura: 10.93°C
2024-12-12 20:04:03 [CENTRAL]- Petición para consultar clima.
2024-12-12 20:04:03 [CENTRAL]- Circulación viable en Alicante. Temperatura: 10.93°C
2024-12-12 20:04:13 [CENTRAL]- Petición para consultar clima.
2024-12-12 20:04:13 [CENTRAL]- Circulación viable en Alicante. Temperatura: 10.93°C
2024-12-12 20:04:24 [CENTRAL]- Petición para consultar clima.
2024-12-12 20:04:24 [CENTRAL]- Circulación viable en Alicante. Temperatura: 10.93°C
2024-12-12 20:04:34 [CENTRAL]- Petición para consultar clima.
2024-12-12 20:04:34 [CENTRAL]- Circulación viable en Alicante. Temperatura: 10.93°C
2024-12-12 20:04:45 [CENTRAL]- Petición para consultar clima.
2024-12-12 20:04:45 [CENTRAL]- Circulación viable en Alicante. Temperatura: 10.93°C
2024-12-12 20:04:55 [CENTRAL]- Petición para consultar clima.
2024-12-12 20:04:55 [CENTRAL]- Circulación viable en Alicante. Temperatura: 10.93°C
2024-12-12 20:05:05 [CENTRAL]- Petición para consultar clima.
2024-12-12 20:05:05 [CENTRAL]- Circulación viable en Alicante. Temperatura: 10.93°C
2024-12-12 20:05:16 [CENTRAL]- Petición para consultar clima.
2024-12-12 20:05:16 [CENTRAL]- Circulación viable en Alicante. Temperatura: 10.93°C
2024-12-12 20:05:26 [CENTRAL]- Petición para consultar clima.
2024-12-12 20:05:26 [CENTRAL]- Circulación viable en Alicante. Temperatura: 10.93°C
2024-12-12 20:05:36 [CENTRAL]- Petición para consultar clima.
2024-12-12 20:05:36 [CENTRAL]- Circulación viable en Alicante. Temperatura: 10.93°C
2024-12-12 20:05:46 [CENTRAL]- Petición para consultar clima.
2024-12-12 20:05:46 [CENTRAL]- Circulación viable en Alicante. Temperatura: 10.93°C
2024-12-12 20:05:57 [CENTRAL]- Petición para consultar clima.
2024-12-12 20:05:57 [CENTRAL]- Circulación viable en Alicante. Temperatura: 10.93°C
2024-12-12 20:06:07 [CENTRAL]- Petición para consultar clima.
2024-12-12 20:06:07 [CENTRAL]- Circulación viable en Alicante. Temperatura: 10.93°C
2024-12-12 20:06:17 [CENTRAL]- Petición para consultar clima.
2024-12-12 20:06:17 [CENTRAL]- Circulación viable en Alicante. Temperatura: 10.93°C
2024-12-12 20:06:28 [CENTRAL]- Petición para consultar clima.
2024-12-12 20:06:28 [CENTRAL]- Circulación viable en Alicante. Temperatura: 10.93°C
2024-12-12 20:06:39 [CENTRAL]- Petición para consultar clima.
2024-12-12 20:06:39 [CENTRAL]- Circulación viable en Alicante. Temperatura: 10.93°C
2024-12-12 20:06:49 [CENTRAL]- Petición para consultar clima.
2024-12-12 20:06:49 [CENTRAL]- Circulación viable en Alicante. Temperatura: 10.93°C
2024-12-12 20:07:00 [CENTRAL]- Petición para consultar clima.
2024-12-12 20:07:00 [CENTRAL]- Circulación viable en Alicante. Temperatura: 10.93°C
2024-12-12 20:07:10 [CENTRAL]- Petición para consultar clima.
2024-12-12 20:07:10 [CENTRAL]- Circulación viable en Alicante. Temperatura: 10.93°C
2024-12-12 20:07:20 [CENTRAL]- Petición para consultar clima.
2024-12-12 20:07:20 [CENTRAL]- Circulación viable en Alicante. Temperatura: 10.93°C
2024-12-12 20:07:30 [CENTRAL]- Petición para consultar clima.
2024-12-12 20:07:30 [CENTRAL]- Circulación viable en Alicante. Temperatura: 10.93°C
2024-12-12 20:07:41 [CENTRAL]- Petición para consultar clima.
2024-12-12 20:07:41 [CENTRAL]- Circulación viable en Alicante. Temperatura: 10.93°C
2024-12-12 20:07:51 [CENTRAL]- Petición para consultar clima.
2024-12-12 20:07:51 [CENTRAL]- Circulación viable en Alicante. Temperatura: 10.93°C
2024-12-12 20:08:01 [CENTRAL]- Petición para consultar clima.
2024-12-12 20:08:01 [CENTRAL]- Circulación viable en Alicante. Temperatura: 10.93°C
2024-12-12 20:08:12 [CENTRAL]- Petición para consultar clima.
2024-12-12 20:08:12 [CENTRAL]- Circulación viable en Alicante. Temperatura: 10.93°C
2024-12-12 20:08:22 [CENTRAL]- Petición para consultar clima.
2024-12-12 20:08:22 [CENTRAL]- Circulación viable en Alicante. Temperatura: 10.93°C
2024-12-12 20:08:32 [CENTRAL]- Petición para consultar clima.
2024-12-12 20:08:32 [CENTRAL]- Circulación viable en Alicante. Temperatura: 10.93°C
2024-12-12 20:08:42 [CENTRAL]- Petición para consultar clima.
2024-12-12 20:08:42 [CENTRAL]- Circulación viable en Alicante. Temperatura: 10.93°C
2024-12-12 20:08:53 [CENTRAL]- Petición para consultar clima.
2024-12-12 20:08:53 [CENTRAL]- Circulación viable en Alicante. Temperatura: 10.93°C
2024-12-12 20:09:03 [CENTRAL]- Petición para consultar clima.
2024-12-12 20:09:03 [CENTRAL]- Circulación viable en Alicante. Temperatura: 10.93°C
2024-12-12 20:09:14 [CENTRAL]- Petición para consultar clima.
2024-12-12 20:09:14 [CENTRAL]- Circulación viable en Alicante. Temperatura: 10.93°C
2024-12-12 20:09:24 [CENTRAL]- Petición para consultar clima.
2024-12-12 20:09:24 [CENTRAL]- Circulación viable en Alicante. Temperatura: 10.93°C
2024-12-12 20:09:34 [CENTRAL]- Petición para consultar clima.
2024-12-12 20:09:34 [CENTRAL]- Circulación viable en Alicante. Temperatura: 10.93°C
2024-12-12 20:09:45 [CENTRAL]- Petición para consultar clima.
2024-12-12 20:09:45 [CENTRAL]- Circulación viable en Alicante. Temperatura: 10.93°C
2024-12-12 20:09:55 [CENTRAL]- Petición para consultar clima.
2024-12-12 20:09:55 [CENTRAL]- Circulación viable en Alicante. Temperatura: 10.93°C
2024-12-12 20:10:05 [CENTRAL]- Petición para consultar clima.
2024-12-12 20:10:05 [CENTRAL]- Circulación viable en Alicante. Temperatura: 10.93°C
2024-12-12 20:10:16 [CENTRAL]- Petición para consultar clima.
2024-12-12 20:10:16 [CENTRAL]- Circulación viable en Alicante. Temperatura: 10.93°C
2024-12-12 20:10:26 [CENTRAL]- Petición para consultar clima.
2024-12-12 20:10:26 [CENTRAL]- Circulación viable en Alicante. Temperatura: 10.93°C
2024-12-12 20:10:36 [CENTRAL]- Petición para consultar clima.
2024-12-12 20:10:36 [CENTRAL]- Circulación viable en Alicante. Temperatura: 10.93°C
2024-12-12 20:10:47 [CENTRAL]- Petición para consultar clima.
2024-12-12 20:10:47 [CENTRAL]- Circulación viable en Alicante. Temperatura: 10.93°C
2024-12-12 20:10:57 [CENTRAL]- Petición para consultar clima.
2024-12-12 20:10:57 [CENTRAL]- Circulación viable en Alicante. Temperatura: 10.93°C
2024-12-12 20:11:07 [CENTRAL]- Petición para consultar clima.
2024-12-12 20:11:07 [CENTRAL]- Circulación viable en Alicante. Temperatura: 10.93°C
2024-12-12 20:11:18 [CENTRAL]- Petición para consultar clima.
2024-12-12 20:11:18 [CENTRAL]- Circulación viable en Alicante. Temperatura: 10.93°C
2024-12-12 20:11:28 [CENTRAL]- Petición para consultar clima.
2024-12-12 20:11:28 [CENTRAL]- Circulación viable en Alicante. Temperatura: 10.93°C
2024-12-12 20:11:38 [CENTRAL]- Petición para consultar clima.
2024-12-12 20:11:38 [CENTRAL]- Circulación viable en Alicante. Temperatura: 10.93°C
2024-12-12 20:11:49 [CENTRAL]- Petición para consultar clima.
2024-12-12 20:11:49 [CENTRAL]- Circulación viable en Alicante. Temperatura: 10.93°C
